{
  "RSpec": {
    "coverage": {
      "/Users/parkerthomson/repeater_final_project/Enigma/spec/enigma_spec.rb": {
        "lines": [
          1,
          1,
          1,
          1,
          null,
          1,
          13,
          3,
          3,
          4,
          4,
          2,
          5,
          1,
          null,
          1,
          1,
          null,
          null,
          1,
          null,
          1,
          null,
          null,
          null,
          1,
          1,
          1,
          null,
          null,
          1,
          null,
          1,
          null,
          null,
          null,
          1,
          null,
          null,
          null,
          1,
          1,
          1,
          1,
          1,
          1,
          null,
          null,
          1,
          null,
          1,
          1,
          null,
          null,
          1,
          1,
          1,
          1,
          1,
          null,
          null,
          1,
          1,
          1,
          1,
          null,
          null,
          1,
          1,
          1,
          null,
          null,
          1,
          1,
          null,
          null,
          1,
          1,
          1,
          null,
          null,
          1,
          1,
          null,
          null,
          1,
          1,
          1,
          null,
          null,
          null
        ]
      },
      "/Users/parkerthomson/repeater_final_project/Enigma/lib/enigma.rb": {
        "lines": [
          1,
          1,
          1,
          null,
          1,
          1,
          1,
          null,
          1,
          3,
          3,
          3,
          3,
          3,
          3,
          null,
          null,
          1,
          1,
          1,
          1,
          1,
          1,
          1,
          null,
          null,
          null,
          null,
          null,
          null
        ]
      },
      "/Users/parkerthomson/repeater_final_project/Enigma/modules/randomable.rb": {
        "lines": [
          1,
          null,
          1,
          null,
          1,
          5,
          5,
          null,
          null,
          1,
          3,
          null,
          null
        ]
      },
      "/Users/parkerthomson/repeater_final_project/Enigma/modules/shiftable.rb": {
        "lines": [
          1,
          null,
          1,
          null,
          1,
          254,
          null,
          null,
          1,
          7,
          7,
          null,
          null,
          1,
          30,
          null,
          null,
          1,
          5,
          5,
          60,
          null,
          49,
          49,
          49,
          null,
          null,
          5,
          null,
          null,
          1,
          3,
          3,
          38,
          null,
          27,
          27,
          27,
          null,
          null,
          3,
          null,
          null
        ]
      }
    },
    "timestamp": 1655069997
  }
}
