{
  "RSpec": {
    "coverage": {
      "/Users/parkerthomson/repeater_final_project/Enigma/spec/enigma_spec.rb": {
        "lines": [
          1,
          1,
          1,
          1,
          null,
          1,
          13,
          4,
          3,
          4,
          4,
          2,
          5,
          1,
          1,
          1,
          null,
          1,
          1,
          null,
          null,
          1,
          null,
          1,
          null,
          null,
          null,
          1,
          1,
          1,
          null,
          null,
          1,
          null,
          1,
          null,
          null,
          null,
          1,
          1,
          null,
          null,
          1,
          1,
          1,
          1,
          1,
          1,
          null,
          null,
          1,
          1,
          1,
          1,
          1,
          null,
          null,
          1,
          1,
          1,
          1,
          1,
          null,
          null,
          1,
          1,
          1,
          1,
          null,
          null,
          1,
          1,
          1,
          null,
          null,
          1,
          1,
          1,
          null,
          null,
          1,
          1,
          1,
          1,
          null,
          null,
          1,
          1,
          null,
          null,
          1,
          1,
          1,
          null,
          null
        ]
      },
      "/Users/parkerthomson/repeater_final_project/Enigma/lib/enigma.rb": {
        "lines": [
          1,
          1,
          1,
          null,
          1,
          1,
          1,
          null,
          1,
          3,
          3,
          3,
          3,
          3,
          3,
          null,
          null,
          1,
          2,
          2,
          2,
          2,
          2,
          2,
          null,
          null
        ]
      },
      "/Users/parkerthomson/repeater_final_project/Enigma/modules/randomable.rb": {
        "lines": [
          1,
          null,
          1,
          null,
          1,
          6,
          6,
          null,
          null,
          1,
          4,
          null,
          null
        ]
      },
      "/Users/parkerthomson/repeater_final_project/Enigma/modules/shiftable.rb": {
        "lines": [
          1,
          null,
          1,
          null,
          1,
          346,
          null,
          null,
          1,
          8,
          8,
          null,
          null,
          1,
          35,
          null,
          null,
          1,
          7,
          7,
          87,
          null,
          65,
          65,
          65,
          null,
          null,
          7,
          null,
          null,
          1,
          4,
          4,
          49,
          null,
          38,
          38,
          38,
          null,
          null,
          4,
          null,
          null
        ]
      }
    },
    "timestamp": 1655154906
  }
}
